Grammar

    0 $accept: expr $end

    1 expr: binary ENTER

    2 binary: binary '+' binary
    3       | binary '-' binary
    4       | binary '*' binary
    5       | binary '/' binary
    6       | FLOAT


Terminals, with rules where they appear

$end (0) 0
'*' (42) 4
'+' (43) 2
'-' (45) 3
'/' (47) 5
error (256)
ENTER (258) 1
FLOAT (259) 6


Nonterminals, with rules where they appear

$accept (9)
    on left: 0
expr (10)
    on left: 1, on right: 0
binary (11)
    on left: 2 3 4 5 6, on right: 1 2 3 4 5


State 0

    0 $accept: . expr $end

    FLOAT  shift, and go to state 1

    expr    go to state 2
    binary  go to state 3


State 1

    6 binary: FLOAT .

    $default  reduce using rule 6 (binary)


State 2

    0 $accept: expr . $end

    $end  shift, and go to state 4


State 3

    1 expr: binary . ENTER
    2 binary: binary . '+' binary
    3       | binary . '-' binary
    4       | binary . '*' binary
    5       | binary . '/' binary

    ENTER  shift, and go to state 5
    '*'    shift, and go to state 6
    '/'    shift, and go to state 7
    '+'    shift, and go to state 8
    '-'    shift, and go to state 9


State 4

    0 $accept: expr $end .

    $default  accept


State 5

    1 expr: binary ENTER .

    $default  reduce using rule 1 (expr)


State 6

    4 binary: binary '*' . binary

    FLOAT  shift, and go to state 1

    binary  go to state 10


State 7

    5 binary: binary '/' . binary

    FLOAT  shift, and go to state 1

    binary  go to state 11


State 8

    2 binary: binary '+' . binary

    FLOAT  shift, and go to state 1

    binary  go to state 12


State 9

    3 binary: binary '-' . binary

    FLOAT  shift, and go to state 1

    binary  go to state 13


State 10

    2 binary: binary . '+' binary
    3       | binary . '-' binary
    4       | binary . '*' binary
    4       | binary '*' binary .
    5       | binary . '/' binary

    '+'  shift, and go to state 8
    '-'  shift, and go to state 9

    $default  reduce using rule 4 (binary)


State 11

    2 binary: binary . '+' binary
    3       | binary . '-' binary
    4       | binary . '*' binary
    5       | binary . '/' binary
    5       | binary '/' binary .

    '+'  shift, and go to state 8
    '-'  shift, and go to state 9

    $default  reduce using rule 5 (binary)


State 12

    2 binary: binary . '+' binary
    2       | binary '+' binary .
    3       | binary . '-' binary
    4       | binary . '*' binary
    5       | binary . '/' binary

    $default  reduce using rule 2 (binary)


State 13

    2 binary: binary . '+' binary
    3       | binary . '-' binary
    3       | binary '-' binary .
    4       | binary . '*' binary
    5       | binary . '/' binary

    $default  reduce using rule 3 (binary)
